# JRE version: Java(TM) SE Runtime Environment (17.0.10+11) (build 17.0.10+11-LTS-240)
# Java VM: Java HotSpot(TM) 64-Bit Server VM (17.0.10+11-LTS-240, mixed mode, sharing, tiered, compressed oops, compressed class ptrs, g1 gc, windows-amd64)
GC Precious Log:
 CPUs: 8 total, 8 available
 Memory: 7932M
 Large Page Support: Disabled
 NUMA Support: Disabled
 Compressed Oops: Enabled (32-bit)
 Heap Region Size: 1M
 Heap Min Capacity: 8M
 Heap Initial Capacity: 124M
 Heap Max Capacity: 2G
 Pre-touch: Disabled
 Parallel Workers: 8
 Concurrent Workers: 2
 Concurrent Refinement Workers: 8
 Periodic GC: Disabled
Heap:
 garbage-first heap   total 425984K, used 294893K [0x0000000080000000, 0x0000000100000000)
  region size 1024K, 84 young (86016K), 12 survivors (12288K)
 Metaspace       used 121176K, committed 122624K, reserved 557056K
  class space    used 16467K, committed 17152K, reserved 425984K
GC Heap History (20 events):
Event: 24.706 GC heap before
{Heap before GC invocations=48 (full 0):
 garbage-first heap   total 356352K, used 265505K [0x0000000080000000, 0x0000000100000000)
  region size 1024K, 165 young (168960K), 1 survivors (1024K)
 Metaspace       used 94039K, committed 94976K, reserved 557056K
  class space    used 13286K, committed 13760K, reserved 425984K
}
Event: 24.778 GC heap after
{Heap after GC invocations=49 (full 0):
 garbage-first heap   total 356352K, used 112627K [0x0000000080000000, 0x0000000100000000)
  region size 1024K, 15 young (15360K), 15 survivors (15360K)
 Metaspace       used 94039K, committed 94976K, reserved 557056K
  class space    used 13286K, committed 13760K, reserved 425984K
}
Event: 26.678 GC heap before
{Heap before GC invocations=49 (full 0):
 garbage-first heap   total 356352K, used 275443K [0x0000000080000000, 0x0000000100000000)
  region size 1024K, 169 young (173056K), 15 survivors (15360K)
 Metaspace       used 100844K, committed 101952K, reserved 557056K
  class space    used 14194K, committed 14720K, reserved 425984K
}
Event: 26.749 GC heap after
{Heap after GC invocations=50 (full 0):
 garbage-first heap   total 356352K, used 141684K [0x0000000080000000, 0x0000000100000000)
  region size 1024K, 22 young (22528K), 22 survivors (22528K)
 Metaspace       used 100844K, committed 101952K, reserved 557056K
  class space    used 14194K, committed 14720K, reserved 425984K
}
Event: 27.729 GC heap before
{Heap before GC invocations=50 (full 0):
 garbage-first heap   total 356352K, used 271732K [0x0000000080000000, 0x0000000100000000)
  region size 1024K, 149 young (152576K), 22 survivors (22528K)
 Metaspace       used 104007K, committed 105152K, reserved 557056K
  class space    used 14608K, committed 15168K, reserved 425984K
}
Event: 27.749 GC heap after
{Heap after GC invocations=51 (full 0):
 garbage-first heap   total 356352K, used 161352K [0x0000000080000000, 0x0000000100000000)
  region size 1024K, 18 young (18432K), 18 survivors (18432K)
 Metaspace       used 104007K, committed 105152K, reserved 557056K
  class space    used 14608K, committed 15168K, reserved 425984K
}
Event: 29.498 GC heap before
{Heap before GC invocations=51 (full 0):
 garbage-first heap   total 356352K, used 279112K [0x0000000080000000, 0x0000000100000000)
  region size 1024K, 132 young (135168K), 18 survivors (18432K)
 Metaspace       used 107118K, committed 108288K, reserved 557056K
  class space    used 15060K, committed 15616K, reserved 425984K
}
Event: 29.524 GC heap after
{Heap after GC invocations=52 (full 0):
 garbage-first heap   total 356352K, used 179577K [0x0000000080000000, 0x0000000100000000)
  region size 1024K, 17 young (17408K), 17 survivors (17408K)
 Metaspace       used 107118K, committed 108288K, reserved 557056K
  class space    used 15060K, committed 15616K, reserved 425984K
}
Event: 30.888 GC heap before
{Heap before GC invocations=52 (full 0):
 garbage-first heap   total 356352K, used 280953K [0x0000000080000000, 0x0000000100000000)
  region size 1024K, 116 young (118784K), 17 survivors (17408K)
 Metaspace       used 109901K, committed 111104K, reserved 557056K
  class space    used 15350K, committed 15872K, reserved 425984K
}
Event: 30.907 GC heap after
{Heap after GC invocations=53 (full 0):
 garbage-first heap   total 356352K, used 192880K [0x0000000080000000, 0x0000000100000000)
  region size 1024K, 13 young (13312K), 13 survivors (13312K)
 Metaspace       used 109901K, committed 111104K, reserved 557056K
  class space    used 15350K, committed 15872K, reserved 425984K
}
Event: 31.625 GC heap before
{Heap before GC invocations=53 (full 0):
 garbage-first heap   total 356352K, used 289136K [0x0000000080000000, 0x0000000100000000)
  region size 1024K, 103 young (105472K), 13 survivors (13312K)
 Metaspace       used 112047K, committed 113216K, reserved 557056K
  class space    used 15493K, committed 16064K, reserved 425984K
}
Event: 31.643 GC heap after
{Heap after GC invocations=54 (full 0):
 garbage-first heap   total 356352K, used 202438K [0x0000000080000000, 0x0000000100000000)
  region size 1024K, 10 young (10240K), 10 survivors (10240K)
 Metaspace       used 112047K, committed 113216K, reserved 557056K
  class space    used 15493K, committed 16064K, reserved 425984K
}
Event: 32.300 GC heap before
{Heap before GC invocations=54 (full 0):
 garbage-first heap   total 356352K, used 288454K [0x0000000080000000, 0x0000000100000000)
  region size 1024K, 95 young (97280K), 10 survivors (10240K)
 Metaspace       used 112439K, committed 113728K, reserved 557056K
  class space    used 15540K, committed 16128K, reserved 425984K
}
Event: 32.325 GC heap after
{Heap after GC invocations=55 (full 0):
 garbage-first heap   total 356352K, used 206935K [0x0000000080000000, 0x0000000100000000)
  region size 1024K, 6 young (6144K), 6 survivors (6144K)
 Metaspace       used 112439K, committed 113728K, reserved 557056K
  class space    used 15540K, committed 16128K, reserved 425984K
}
Event: 33.543 GC heap before
{Heap before GC invocations=55 (full 0):
 garbage-first heap   total 356352K, used 291927K [0x0000000080000000, 0x0000000100000000)
  region size 1024K, 90 young (92160K), 6 survivors (6144K)
 Metaspace       used 112676K, committed 113920K, reserved 557056K
  class space    used 15566K, committed 16128K, reserved 425984K
}
Event: 33.554 GC heap after
{Heap after GC invocations=56 (full 0):
 garbage-first heap   total 425984K, used 211535K [0x0000000080000000, 0x0000000100000000)
  region size 1024K, 10 young (10240K), 10 survivors (10240K)
 Metaspace       used 112676K, committed 113920K, reserved 557056K
  class space    used 15566K, committed 16128K, reserved 425984K
}
Event: 34.816 GC heap before
{Heap before GC invocations=56 (full 0):
 garbage-first heap   total 425984K, used 347727K [0x0000000080000000, 0x0000000100000000)
  region size 1024K, 144 young (147456K), 10 survivors (10240K)
 Metaspace       used 113296K, committed 114624K, reserved 557056K
  class space    used 15629K, committed 16256K, reserved 425984K
}
Event: 34.827 GC heap after
{Heap after GC invocations=57 (full 0):
 garbage-first heap   total 425984K, used 218440K [0x0000000080000000, 0x0000000100000000)
  region size 1024K, 12 young (12288K), 12 survivors (12288K)
 Metaspace       used 113296K, committed 114624K, reserved 557056K
  class space    used 15629K, committed 16256K, reserved 425984K
}
Event: 36.299 GC heap before
{Heap before GC invocations=57 (full 0):
 garbage-first heap   total 425984K, used 351560K [0x0000000080000000, 0x0000000100000000)
  region size 1024K, 143 young (146432K), 12 survivors (12288K)
 Metaspace       used 116543K, committed 117952K, reserved 557056K
  class space    used 16042K, committed 16704K, reserved 425984K
}
Event: 36.317 GC heap after
{Heap after GC invocations=58 (full 0):
 garbage-first heap   total 425984K, used 223213K [0x0000000080000000, 0x0000000100000000)
  region size 1024K, 12 young (12288K), 12 survivors (12288K)
 Metaspace       used 116543K, committed 117952K, reserved 557056K
  class space    used 16042K, committed 16704K, reserved 425984K
}

