# JRE version: Java(TM) SE Runtime Environment (17.0.10+11) (build 17.0.10+11-LTS-240)
# Java VM: Java HotSpot(TM) 64-Bit Server VM (17.0.10+11-LTS-240, mixed mode, sharing, tiered, compressed oops, compressed class ptrs, g1 gc, windows-amd64)
GC Precious Log:
 CPUs: 8 total, 8 available
 Memory: 7932M
 Large Page Support: Disabled
 NUMA Support: Disabled
 Compressed Oops: Enabled (32-bit)
 Heap Region Size: 1M
 Heap Min Capacity: 8M
 Heap Initial Capacity: 124M
 Heap Max Capacity: 2G
 Pre-touch: Disabled
 Parallel Workers: 8
 Concurrent Workers: 2
 Concurrent Refinement Workers: 8
 Periodic GC: Disabled
Heap:
 garbage-first heap   total 247808K, used 130272K [0x0000000080000000, 0x0000000100000000)
  region size 1024K, 3 young (3072K), 3 survivors (3072K)
 Metaspace       used 100268K, committed 101184K, reserved 557056K
  class space    used 14149K, committed 14592K, reserved 425984K
GC Heap History (20 events):
Event: 36.437 GC heap after
{Heap after GC invocations=51 (full 0):
 garbage-first heap   total 199680K, used 95660K [0x0000000080000000, 0x0000000100000000)
  region size 1024K, 8 young (8192K), 8 survivors (8192K)
 Metaspace       used 83264K, committed 84032K, reserved 557056K
  class space    used 11641K, committed 12032K, reserved 425984K
}
Event: 37.586 GC heap before
{Heap before GC invocations=51 (full 0):
 garbage-first heap   total 199680K, used 157100K [0x0000000080000000, 0x0000000100000000)
  region size 1024K, 67 young (68608K), 8 survivors (8192K)
 Metaspace       used 87166K, committed 88000K, reserved 557056K
  class space    used 12208K, committed 12608K, reserved 425984K
}
Event: 37.595 GC heap after
{Heap after GC invocations=52 (full 0):
 garbage-first heap   total 199680K, used 98372K [0x0000000080000000, 0x0000000100000000)
  region size 1024K, 7 young (7168K), 7 survivors (7168K)
 Metaspace       used 87166K, committed 88000K, reserved 557056K
  class space    used 12208K, committed 12608K, reserved 425984K
}
Event: 38.599 GC heap before
{Heap before GC invocations=52 (full 0):
 garbage-first heap   total 199680K, used 158788K [0x0000000080000000, 0x0000000100000000)
  region size 1024K, 66 young (67584K), 7 survivors (7168K)
 Metaspace       used 91265K, committed 92096K, reserved 557056K
  class space    used 12897K, committed 13312K, reserved 425984K
}
Event: 38.607 GC heap after
{Heap after GC invocations=53 (full 0):
 garbage-first heap   total 199680K, used 100875K [0x0000000080000000, 0x0000000100000000)
  region size 1024K, 5 young (5120K), 5 survivors (5120K)
 Metaspace       used 91265K, committed 92096K, reserved 557056K
  class space    used 12897K, committed 13312K, reserved 425984K
}
Event: 40.150 GC heap before
{Heap before GC invocations=54 (full 0):
 garbage-first heap   total 199680K, used 160267K [0x0000000080000000, 0x0000000100000000)
  region size 1024K, 64 young (65536K), 5 survivors (5120K)
 Metaspace       used 93707K, committed 94656K, reserved 557056K
  class space    used 13281K, committed 13760K, reserved 425984K
}
Event: 40.170 GC heap after
{Heap after GC invocations=55 (full 0):
 garbage-first heap   total 199680K, used 108495K [0x0000000080000000, 0x0000000100000000)
  region size 1024K, 8 young (8192K), 8 survivors (8192K)
 Metaspace       used 93707K, committed 94656K, reserved 557056K
  class space    used 13281K, committed 13760K, reserved 425984K
}
Event: 42.717 GC heap before
{Heap before GC invocations=55 (full 0):
 garbage-first heap   total 199680K, used 142286K [0x0000000080000000, 0x0000000100000000)
  region size 1024K, 43 young (44032K), 8 survivors (8192K)
 Metaspace       used 94133K, committed 95104K, reserved 557056K
  class space    used 13289K, committed 13760K, reserved 425984K
}
Event: 42.731 GC heap after
{Heap after GC invocations=56 (full 0):
 garbage-first heap   total 199680K, used 112998K [0x0000000080000000, 0x0000000100000000)
  region size 1024K, 5 young (5120K), 5 survivors (5120K)
 Metaspace       used 94133K, committed 95104K, reserved 557056K
  class space    used 13289K, committed 13760K, reserved 425984K
}
Event: 44.408 GC heap before
{Heap before GC invocations=57 (full 0):
 garbage-first heap   total 199680K, used 164198K [0x0000000080000000, 0x0000000100000000)
  region size 1024K, 52 young (53248K), 5 survivors (5120K)
 Metaspace       used 97495K, committed 98432K, reserved 557056K
  class space    used 13845K, committed 14272K, reserved 425984K
}
Event: 44.430 GC heap after
{Heap after GC invocations=58 (full 0):
 garbage-first heap   total 199680K, used 127150K [0x0000000080000000, 0x0000000100000000)
  region size 1024K, 7 young (7168K), 7 survivors (7168K)
 Metaspace       used 97495K, committed 98432K, reserved 557056K
  class space    used 13845K, committed 14272K, reserved 425984K
}
Event: 44.461 GC heap before
{Heap before GC invocations=58 (full 0):
 garbage-first heap   total 199680K, used 129198K [0x0000000080000000, 0x0000000100000000)
  region size 1024K, 9 young (9216K), 7 survivors (7168K)
 Metaspace       used 97528K, committed 98496K, reserved 557056K
  class space    used 13848K, committed 14272K, reserved 425984K
}
Event: 44.467 GC heap after
{Heap after GC invocations=59 (full 0):
 garbage-first heap   total 199680K, used 127727K [0x0000000080000000, 0x0000000100000000)
  region size 1024K, 1 young (1024K), 1 survivors (1024K)
 Metaspace       used 97528K, committed 98496K, reserved 557056K
  class space    used 13848K, committed 14272K, reserved 425984K
}
Event: 44.998 GC heap before
{Heap before GC invocations=59 (full 0):
 garbage-first heap   total 199680K, used 165615K [0x0000000080000000, 0x0000000100000000)
  region size 1024K, 38 young (38912K), 1 survivors (1024K)
 Metaspace       used 97718K, committed 98624K, reserved 557056K
  class space    used 13859K, committed 14272K, reserved 425984K
}
Event: 45.001 GC heap after
{Heap after GC invocations=60 (full 0):
 garbage-first heap   total 199680K, used 128225K [0x0000000080000000, 0x0000000100000000)
  region size 1024K, 2 young (2048K), 2 survivors (2048K)
 Metaspace       used 97718K, committed 98624K, reserved 557056K
  class space    used 13859K, committed 14272K, reserved 425984K
}
Event: 45.304 GC heap before
{Heap before GC invocations=61 (full 0):
 garbage-first heap   total 247808K, used 166113K [0x0000000080000000, 0x0000000100000000)
  region size 1024K, 39 young (39936K), 2 survivors (2048K)
 Metaspace       used 97748K, committed 98624K, reserved 557056K
  class space    used 13859K, committed 14272K, reserved 425984K
}
Event: 45.308 GC heap after
{Heap after GC invocations=62 (full 0):
 garbage-first heap   total 247808K, used 129002K [0x0000000080000000, 0x0000000100000000)
  region size 1024K, 2 young (2048K), 2 survivors (2048K)
 Metaspace       used 97748K, committed 98624K, reserved 557056K
  class space    used 13859K, committed 14272K, reserved 425984K
}
Event: 45.360 GC heap before
{Heap before GC invocations=62 (full 0):
 garbage-first heap   total 247808K, used 139242K [0x0000000080000000, 0x0000000100000000)
  region size 1024K, 12 young (12288K), 2 survivors (2048K)
 Metaspace       used 97763K, committed 98624K, reserved 557056K
  class space    used 13859K, committed 14272K, reserved 425984K
}
Event: 45.364 GC heap after
{Heap after GC invocations=63 (full 0):
 garbage-first heap   total 247808K, used 128565K [0x0000000080000000, 0x0000000100000000)
  region size 1024K, 2 young (2048K), 2 survivors (2048K)
 Metaspace       used 97763K, committed 98624K, reserved 557056K
  class space    used 13859K, committed 14272K, reserved 425984K
}
Event: 46.444 GC heap before
{Heap before GC invocations=63 (full 0):
 garbage-first heap   total 247808K, used 196149K [0x0000000080000000, 0x0000000100000000)
  region size 1024K, 68 young (69632K), 2 survivors (2048K)
 Metaspace       used 100268K, committed 101184K, reserved 557056K
  class space    used 14149K, committed 14592K, reserved 425984K
}

