# JRE version: Java(TM) SE Runtime Environment (17.0.10+11) (build 17.0.10+11-LTS-240)
# Java VM: Java HotSpot(TM) 64-Bit Server VM (17.0.10+11-LTS-240, mixed mode, sharing, tiered, compressed oops, compressed class ptrs, g1 gc, windows-amd64)
GC Precious Log:
 CPUs: 8 total, 8 available
 Memory: 7932M
 Large Page Support: Disabled
 NUMA Support: Disabled
 Compressed Oops: Enabled (32-bit)
 Heap Region Size: 1M
 Heap Min Capacity: 8M
 Heap Initial Capacity: 124M
 Heap Max Capacity: 2G
 Pre-touch: Disabled
 Parallel Workers: 8
 Concurrent Workers: 2
 Concurrent Refinement Workers: 8
 Periodic GC: Disabled
Heap:
 garbage-first heap   total 237568K, used 166709K [0x0000000080000000, 0x0000000100000000)
  region size 1024K, 28 young (28672K), 5 survivors (5120K)
 Metaspace       used 100983K, committed 102016K, reserved 557056K
  class space    used 14204K, committed 14720K, reserved 425984K
GC Heap History (20 events):
Event: 53.590 GC heap before
{Heap before GC invocations=52 (full 0):
 garbage-first heap   total 177152K, used 100378K [0x0000000080000000, 0x0000000100000000)
  region size 1024K, 8 young (8192K), 6 survivors (6144K)
 Metaspace       used 85816K, committed 86720K, reserved 557056K
  class space    used 11966K, committed 12416K, reserved 425984K
}
Event: 53.596 GC heap after
{Heap after GC invocations=53 (full 0):
 garbage-first heap   total 177152K, used 98575K [0x0000000080000000, 0x0000000100000000)
  region size 1024K, 1 young (1024K), 1 survivors (1024K)
 Metaspace       used 85816K, committed 86720K, reserved 557056K
  class space    used 11966K, committed 12416K, reserved 425984K
}
Event: 54.278 GC heap before
{Heap before GC invocations=53 (full 0):
 garbage-first heap   total 177152K, used 142607K [0x0000000080000000, 0x0000000100000000)
  region size 1024K, 43 young (44032K), 1 survivors (1024K)
 Metaspace       used 88690K, committed 89536K, reserved 557056K
  class space    used 12514K, committed 12928K, reserved 425984K
}
Event: 54.282 GC heap after
{Heap after GC invocations=54 (full 0):
 garbage-first heap   total 177152K, used 98978K [0x0000000080000000, 0x0000000100000000)
  region size 1024K, 2 young (2048K), 2 survivors (2048K)
 Metaspace       used 88690K, committed 89536K, reserved 557056K
  class space    used 12514K, committed 12928K, reserved 425984K
}
Event: 54.949 GC heap before
{Heap before GC invocations=55 (full 0):
 garbage-first heap   total 181248K, used 143010K [0x0000000080000000, 0x0000000100000000)
  region size 1024K, 45 young (46080K), 2 survivors (2048K)
 Metaspace       used 91570K, committed 92416K, reserved 557056K
  class space    used 12929K, committed 13376K, reserved 425984K
}
Event: 54.953 GC heap after
{Heap after GC invocations=56 (full 0):
 garbage-first heap   total 181248K, used 100808K [0x0000000080000000, 0x0000000100000000)
  region size 1024K, 4 young (4096K), 4 survivors (4096K)
 Metaspace       used 91570K, committed 92416K, reserved 557056K
  class space    used 12929K, committed 13376K, reserved 425984K
}
Event: 55.651 GC heap before
{Heap before GC invocations=56 (full 0):
 garbage-first heap   total 181248K, used 147912K [0x0000000080000000, 0x0000000100000000)
  region size 1024K, 50 young (51200K), 4 survivors (4096K)
 Metaspace       used 93543K, committed 94464K, reserved 557056K
  class space    used 13244K, committed 13696K, reserved 425984K
}
Event: 55.660 GC heap after
{Heap after GC invocations=57 (full 0):
 garbage-first heap   total 181248K, used 106002K [0x0000000080000000, 0x0000000100000000)
  region size 1024K, 7 young (7168K), 7 survivors (7168K)
 Metaspace       used 93543K, committed 94464K, reserved 557056K
  class space    used 13244K, committed 13696K, reserved 425984K
}
Event: 56.601 GC heap before
{Heap before GC invocations=57 (full 0):
 garbage-first heap   total 181248K, used 147986K [0x0000000080000000, 0x0000000100000000)
  region size 1024K, 49 young (50176K), 7 survivors (7168K)
 Metaspace       used 94110K, committed 95040K, reserved 557056K
  class space    used 13274K, committed 13760K, reserved 425984K
}
Event: 56.613 GC heap after
{Heap after GC invocations=58 (full 0):
 garbage-first heap   total 181248K, used 112043K [0x0000000080000000, 0x0000000100000000)
  region size 1024K, 6 young (6144K), 6 survivors (6144K)
 Metaspace       used 94110K, committed 95040K, reserved 557056K
  class space    used 13274K, committed 13760K, reserved 425984K
}
Event: 57.497 GC heap before
{Heap before GC invocations=58 (full 0):
 garbage-first heap   total 181248K, used 153003K [0x0000000080000000, 0x0000000100000000)
  region size 1024K, 43 young (44032K), 6 survivors (6144K)
 Metaspace       used 95041K, committed 96064K, reserved 557056K
  class space    used 13404K, committed 13888K, reserved 425984K
}
Event: 57.509 GC heap after
{Heap after GC invocations=59 (full 0):
 garbage-first heap   total 181248K, used 126893K [0x0000000080000000, 0x0000000100000000)
  region size 1024K, 6 young (6144K), 6 survivors (6144K)
 Metaspace       used 95041K, committed 96064K, reserved 557056K
  class space    used 13404K, committed 13888K, reserved 425984K
}
Event: 58.085 GC heap before
{Heap before GC invocations=59 (full 0):
 garbage-first heap   total 181248K, used 151469K [0x0000000080000000, 0x0000000100000000)
  region size 1024K, 31 young (31744K), 6 survivors (6144K)
 Metaspace       used 96526K, committed 97536K, reserved 557056K
  class space    used 13546K, committed 14016K, reserved 425984K
}
Event: 58.093 GC heap after
{Heap after GC invocations=60 (full 0):
 garbage-first heap   total 181248K, used 132274K [0x0000000080000000, 0x0000000100000000)
  region size 1024K, 4 young (4096K), 4 survivors (4096K)
 Metaspace       used 96526K, committed 97536K, reserved 557056K
  class space    used 13546K, committed 14016K, reserved 425984K
}
Event: 58.642 GC heap before
{Heap before GC invocations=61 (full 0):
 garbage-first heap   total 237568K, used 151730K [0x0000000080000000, 0x0000000100000000)
  region size 1024K, 21 young (21504K), 4 survivors (4096K)
 Metaspace       used 96810K, committed 97792K, reserved 557056K
  class space    used 13609K, committed 14080K, reserved 425984K
}
Event: 58.651 GC heap after
{Heap after GC invocations=62 (full 0):
 garbage-first heap   total 237568K, used 139535K [0x0000000080000000, 0x0000000100000000)
  region size 1024K, 3 young (3072K), 3 survivors (3072K)
 Metaspace       used 96810K, committed 97792K, reserved 557056K
  class space    used 13609K, committed 14080K, reserved 425984K
}
Event: 58.827 GC heap before
{Heap before GC invocations=62 (full 0):
 garbage-first heap   total 237568K, used 147727K [0x0000000080000000, 0x0000000100000000)
  region size 1024K, 11 young (11264K), 3 survivors (3072K)
 Metaspace       used 97070K, committed 98048K, reserved 557056K
  class space    used 13648K, committed 14080K, reserved 425984K
}
Event: 58.832 GC heap after
{Heap after GC invocations=63 (full 0):
 garbage-first heap   total 237568K, used 140586K [0x0000000080000000, 0x0000000100000000)
  region size 1024K, 2 young (2048K), 2 survivors (2048K)
 Metaspace       used 97070K, committed 98048K, reserved 557056K
  class space    used 13648K, committed 14080K, reserved 425984K
}
Event: 60.074 GC heap before
{Heap before GC invocations=63 (full 0):
 garbage-first heap   total 237568K, used 189738K [0x0000000080000000, 0x0000000100000000)
  region size 1024K, 50 young (51200K), 2 survivors (2048K)
 Metaspace       used 99722K, committed 100800K, reserved 557056K
  class space    used 14025K, committed 14528K, reserved 425984K
}
Event: 60.087 GC heap after
{Heap after GC invocations=64 (full 0):
 garbage-first heap   total 237568K, used 144181K [0x0000000080000000, 0x0000000100000000)
  region size 1024K, 5 young (5120K), 5 survivors (5120K)
 Metaspace       used 99722K, committed 100800K, reserved 557056K
  class space    used 14025K, committed 14528K, reserved 425984K
}

