# JRE version: Java(TM) SE Runtime Environment (17.0.10+11) (build 17.0.10+11-LTS-240)
# Java VM: Java HotSpot(TM) 64-Bit Server VM (17.0.10+11-LTS-240, mixed mode, sharing, tiered, compressed oops, compressed class ptrs, g1 gc, windows-amd64)
GC Precious Log:
 CPUs: 8 total, 8 available
 Memory: 7932M
 Large Page Support: Disabled
 NUMA Support: Disabled
 Compressed Oops: Enabled (32-bit)
 Heap Region Size: 1M
 Heap Min Capacity: 8M
 Heap Initial Capacity: 124M
 Heap Max Capacity: 2G
 Pre-touch: Disabled
 Parallel Workers: 8
 Concurrent Workers: 2
 Concurrent Refinement Workers: 8
 Periodic GC: Disabled
Heap:
 garbage-first heap   total 335872K, used 207801K [0x0000000080000000, 0x0000000100000000)
  region size 1024K, 7 young (7168K), 7 survivors (7168K)
 Metaspace       used 112497K, committed 113728K, reserved 557056K
  class space    used 15532K, committed 16128K, reserved 425984K
GC Heap History (20 events):
Event: 31.245 GC heap after
{Heap after GC invocations=52 (full 0):
 garbage-first heap   total 317440K, used 97733K [0x0000000080000000, 0x0000000100000000)
  region size 1024K, 2 young (2048K), 2 survivors (2048K)
 Metaspace       used 84678K, committed 85440K, reserved 557056K
  class space    used 11815K, committed 12224K, reserved 425984K
}
Event: 32.595 GC heap before
{Heap before GC invocations=52 (full 0):
 garbage-first heap   total 317440K, used 233925K [0x0000000080000000, 0x0000000100000000)
  region size 1024K, 134 young (137216K), 2 survivors (2048K)
 Metaspace       used 92693K, committed 93504K, reserved 557056K
  class space    used 13086K, committed 13504K, reserved 425984K
}
Event: 32.602 GC heap after
{Heap after GC invocations=53 (full 0):
 garbage-first heap   total 317440K, used 104262K [0x0000000080000000, 0x0000000100000000)
  region size 1024K, 8 young (8192K), 8 survivors (8192K)
 Metaspace       used 92693K, committed 93504K, reserved 557056K
  class space    used 13086K, committed 13504K, reserved 425984K
}
Event: 34.130 GC heap before
{Heap before GC invocations=53 (full 0):
 garbage-first heap   total 317440K, used 247622K [0x0000000080000000, 0x0000000100000000)
  region size 1024K, 142 young (145408K), 8 survivors (8192K)
 Metaspace       used 96626K, committed 97600K, reserved 557056K
  class space    used 13561K, committed 14016K, reserved 425984K
}
Event: 34.149 GC heap after
{Heap after GC invocations=54 (full 0):
 garbage-first heap   total 317440K, used 134988K [0x0000000080000000, 0x0000000100000000)
  region size 1024K, 18 young (18432K), 18 survivors (18432K)
 Metaspace       used 96626K, committed 97600K, reserved 557056K
  class space    used 13561K, committed 14016K, reserved 425984K
}
Event: 35.221 GC heap before
{Heap before GC invocations=54 (full 0):
 garbage-first heap   total 317440K, used 240460K [0x0000000080000000, 0x0000000100000000)
  region size 1024K, 121 young (123904K), 18 survivors (18432K)
 Metaspace       used 102026K, committed 103040K, reserved 557056K
  class space    used 14344K, committed 14848K, reserved 425984K
}
Event: 35.234 GC heap after
{Heap after GC invocations=55 (full 0):
 garbage-first heap   total 317440K, used 144649K [0x0000000080000000, 0x0000000100000000)
  region size 1024K, 9 young (9216K), 9 survivors (9216K)
 Metaspace       used 102026K, committed 103040K, reserved 557056K
  class space    used 14344K, committed 14848K, reserved 425984K
}
Event: 35.873 GC heap before
{Heap before GC invocations=55 (full 0):
 garbage-first heap   total 317440K, used 245001K [0x0000000080000000, 0x0000000100000000)
  region size 1024K, 107 young (109568K), 9 survivors (9216K)
 Metaspace       used 104093K, committed 105216K, reserved 557056K
  class space    used 14606K, committed 15168K, reserved 425984K
}
Event: 35.885 GC heap after
{Heap after GC invocations=56 (full 0):
 garbage-first heap   total 317440K, used 159350K [0x0000000080000000, 0x0000000100000000)
  region size 1024K, 14 young (14336K), 14 survivors (14336K)
 Metaspace       used 104093K, committed 105216K, reserved 557056K
  class space    used 14606K, committed 15168K, reserved 425984K
}
Event: 36.890 GC heap before
{Heap before GC invocations=56 (full 0):
 garbage-first heap   total 317440K, used 249462K [0x0000000080000000, 0x0000000100000000)
  region size 1024K, 101 young (103424K), 14 survivors (14336K)
 Metaspace       used 104970K, committed 106112K, reserved 557056K
  class space    used 14695K, committed 15232K, reserved 425984K
}
Event: 36.965 GC heap after
{Heap after GC invocations=57 (full 0):
 garbage-first heap   total 317440K, used 175775K [0x0000000080000000, 0x0000000100000000)
  region size 1024K, 13 young (13312K), 13 survivors (13312K)
 Metaspace       used 104970K, committed 106112K, reserved 557056K
  class space    used 14695K, committed 15232K, reserved 425984K
}
Event: 38.505 GC heap before
{Heap before GC invocations=57 (full 0):
 garbage-first heap   total 317440K, used 250527K [0x0000000080000000, 0x0000000100000000)
  region size 1024K, 86 young (88064K), 13 survivors (13312K)
 Metaspace       used 109253K, committed 110400K, reserved 557056K
  class space    used 15288K, committed 15872K, reserved 425984K
}
Event: 38.528 GC heap after
{Heap after GC invocations=58 (full 0):
 garbage-first heap   total 317440K, used 184860K [0x0000000080000000, 0x0000000100000000)
  region size 1024K, 8 young (8192K), 8 survivors (8192K)
 Metaspace       used 109253K, committed 110400K, reserved 557056K
  class space    used 15288K, committed 15872K, reserved 425984K
}
Event: 39.205 GC heap before
{Heap before GC invocations=58 (full 0):
 garbage-first heap   total 317440K, used 255516K [0x0000000080000000, 0x0000000100000000)
  region size 1024K, 77 young (78848K), 8 survivors (8192K)
 Metaspace       used 110029K, committed 111168K, reserved 557056K
  class space    used 15346K, committed 15872K, reserved 425984K
}
Event: 39.218 GC heap after
{Heap after GC invocations=59 (full 0):
 garbage-first heap   total 317440K, used 193118K [0x0000000080000000, 0x0000000100000000)
  region size 1024K, 8 young (8192K), 8 survivors (8192K)
 Metaspace       used 110029K, committed 111168K, reserved 557056K
  class space    used 15346K, committed 15872K, reserved 425984K
}
Event: 39.801 GC heap before
{Heap before GC invocations=59 (full 0):
 garbage-first heap   total 317440K, used 263774K [0x0000000080000000, 0x0000000100000000)
  region size 1024K, 73 young (74752K), 8 survivors (8192K)
 Metaspace       used 112016K, committed 113152K, reserved 557056K
  class space    used 15478K, committed 16000K, reserved 425984K
}
Event: 39.820 GC heap after
{Heap after GC invocations=60 (full 0):
 garbage-first heap   total 317440K, used 201505K [0x0000000080000000, 0x0000000100000000)
  region size 1024K, 9 young (9216K), 9 survivors (9216K)
 Metaspace       used 112016K, committed 113152K, reserved 557056K
  class space    used 15478K, committed 16000K, reserved 425984K
}
Event: 40.332 GC heap before
{Heap before GC invocations=60 (full 0):
 garbage-first heap   total 317440K, used 259873K [0x0000000080000000, 0x0000000100000000)
  region size 1024K, 67 young (68608K), 9 survivors (9216K)
 Metaspace       used 112492K, committed 113728K, reserved 557056K
  class space    used 15532K, committed 16128K, reserved 425984K
}
Event: 40.356 GC heap after
{Heap after GC invocations=61 (full 0):
 garbage-first heap   total 317440K, used 204911K [0x0000000080000000, 0x0000000100000000)
  region size 1024K, 4 young (4096K), 4 survivors (4096K)
 Metaspace       used 112492K, committed 113728K, reserved 557056K
  class space    used 15532K, committed 16128K, reserved 425984K
}
Event: 40.875 GC heap before
{Heap before GC invocations=61 (full 0):
 garbage-first heap   total 317440K, used 264303K [0x0000000080000000, 0x0000000100000000)
  region size 1024K, 63 young (64512K), 4 survivors (4096K)
 Metaspace       used 112497K, committed 113728K, reserved 557056K
  class space    used 15532K, committed 16128K, reserved 425984K
}

